<?xml version="1.0" encoding="UTF-8"?>
<!-- Generated by org.testng.reporters.JUnitReportReporter -->
<testsuite hostname="DESKTOP-D82TAB5" failures="0" tests="1" name="com.guru99.seleniumproj.Login" time="4.166" errors="0" timestamp="22 Aug 2023 11:07:44 GMT" skipped="0">
  <testcase classname="com.guru99.seleniumproj.Login" name="loginPage" time="4.166"/>
</testsuite> <!-- com.guru99.seleniumproj.Login -->
